c:\users\asus\documents\visual studio 2015\image processing final project\imageprocessingtool\imageprocessingtool\x64\debug\vc140.pdb
c:\users\asus\documents\visual studio 2015\image processing final project\imageprocessingtool\imageprocessingtool\x64\debug\.netframework,version=v4.5.2.assemblyattributes.obj
c:\users\asus\documents\visual studio 2015\image processing final project\imageprocessingtool\imageprocessingtool\x64\debug\.netframework,version=v4.5.2.assemblyattributes.asm
c:\users\asus\documents\visual studio 2015\image processing final project\imageprocessingtool\imageprocessingtool\x64\debug\utilities.obj
c:\users\asus\documents\visual studio 2015\image processing final project\imageprocessingtool\imageprocessingtool\x64\debug\myform.obj
c:\users\asus\documents\visual studio 2015\image processing final project\imageprocessingtool\imageprocessingtool\x64\debug\imageprocessingtool.myform.resources
c:\users\asus\documents\visual studio 2015\image processing final project\imageprocessingtool\imageprocessingtool\x64\debug\imageprocessingtool.res
c:\users\asus\documents\visual studio 2015\image processing final project\imageprocessingtool\imageprocessingtool\x64\debug\imageprocessingtool.vcxproj.generateresource.cache
c:\users\asus\documents\visual studio 2015\image processing final project\imageprocessingtool\imageprocessingtool\x64\debug\imageprocessingtool.vcxprojresolveassemblyreference.cache
c:\users\asus\documents\visual studio 2015\image processing final project\imageprocessingtool\x64\debug\imageprocessingtool.pdb
c:\users\asus\documents\visual studio 2015\image processing final project\imageprocessingtool\imageprocessingtool\x64\debug\imagepro.9696b190.tlog\cl.command.1.tlog
c:\users\asus\documents\visual studio 2015\image processing final project\imageprocessingtool\imageprocessingtool\x64\debug\imagepro.9696b190.tlog\cl.read.1.tlog
c:\users\asus\documents\visual studio 2015\image processing final project\imageprocessingtool\imageprocessingtool\x64\debug\imagepro.9696b190.tlog\cl.write.1.tlog
c:\users\asus\documents\visual studio 2015\image processing final project\imageprocessingtool\imageprocessingtool\x64\debug\imagepro.9696b190.tlog\imageprocessingtool.write.1u.tlog
c:\users\asus\documents\visual studio 2015\image processing final project\imageprocessingtool\imageprocessingtool\x64\debug\imagepro.9696b190.tlog\link.12436-cvtres.read.1.tlog
c:\users\asus\documents\visual studio 2015\image processing final project\imageprocessingtool\imageprocessingtool\x64\debug\imagepro.9696b190.tlog\link.12436-cvtres.write.1.tlog
c:\users\asus\documents\visual studio 2015\image processing final project\imageprocessingtool\imageprocessingtool\x64\debug\imagepro.9696b190.tlog\link.12436-rc.read.1.tlog
c:\users\asus\documents\visual studio 2015\image processing final project\imageprocessingtool\imageprocessingtool\x64\debug\imagepro.9696b190.tlog\link.12436-rc.write.1.tlog
c:\users\asus\documents\visual studio 2015\image processing final project\imageprocessingtool\imageprocessingtool\x64\debug\imagepro.9696b190.tlog\link.12436.read.1.tlog
c:\users\asus\documents\visual studio 2015\image processing final project\imageprocessingtool\imageprocessingtool\x64\debug\imagepro.9696b190.tlog\link.12436.write.1.tlog
c:\users\asus\documents\visual studio 2015\image processing final project\imageprocessingtool\imageprocessingtool\x64\debug\imagepro.9696b190.tlog\link.command.1.tlog
c:\users\asus\documents\visual studio 2015\image processing final project\imageprocessingtool\imageprocessingtool\x64\debug\imagepro.9696b190.tlog\link.read.1.tlog
c:\users\asus\documents\visual studio 2015\image processing final project\imageprocessingtool\imageprocessingtool\x64\debug\imagepro.9696b190.tlog\link.write.1.tlog
c:\users\asus\documents\visual studio 2015\image processing final project\imageprocessingtool\imageprocessingtool\x64\debug\imagepro.9696b190.tlog\metagen.read.1.tlog
c:\users\asus\documents\visual studio 2015\image processing final project\imageprocessingtool\imageprocessingtool\x64\debug\imagepro.9696b190.tlog\metagen.write.1.tlog
c:\users\asus\documents\visual studio 2015\image processing final project\imageprocessingtool\imageprocessingtool\x64\debug\imagepro.9696b190.tlog\rc.command.1.tlog
c:\users\asus\documents\visual studio 2015\image processing final project\imageprocessingtool\imageprocessingtool\x64\debug\imagepro.9696b190.tlog\rc.read.1.tlog
c:\users\asus\documents\visual studio 2015\image processing final project\imageprocessingtool\imageprocessingtool\x64\debug\imagepro.9696b190.tlog\rc.write.1.tlog
c:\users\asus\documents\visual studio 2015\image processing final project\imageprocessingtool\imageprocessingtool\x64\debug\imagepro.9696b190.tlog\tzres.dll.bi
